not complete
92 108 38 7 16 54 45 101 68 62 5 40 6 83 75 23 32
2 77 47 13 85 122 40 75 139 92 57 58 65 97 26 62 5 114 32 131 52 103 128 123 110 68 18
13 20 19 37 31 25 7
not complete
40 48
20 8 11
50 11 30 40 25 42 3 18 34
not complete
not complete
not complete
21 25 8 122 93 143 84 76 64 73 53 132 100 116 47 32 41 72 1 62 11 135 109 125 39 44 14 67
5 44 14 41 25 30 27 33 17 4 47
3 5 12 18 11 19 4 20 29
not complete
9 109 99 20 30 34 16 70 124 135 107 95 116 50 41 128 57 29 115 89 82 6 58 75 62
16 11 3
37 7 38 43 10 34 2 26 9 47 44 19
not complete
5 40 18 9 34 13 27
3
not complete
89 38 86 131 109 51 74 76 46 104 136 97 57 68 19 31 20 115 29 106 35 59 10 123 78 82 132 7
not complete
12 7
14 13 12 3 30 20 24 38
7 40 54 14 33 17 46 53 3 10 26
5 38 18 29 24 11
8
43
not complete
17 23 22 21 12 8 24 9
63 36 28 72 83 113 92 110 102 16 51 78 56 43 101 87 95 100 7 9 21 11 79
49 6 130 33 86 119 128 76 58 97 100 26 72 102 82 17 52 42 31 111 13 65 88 84 110 32 90 103 75
125 96 73 102 15 89 70 146 132 104 84 121 52 33 147 37 114 4 44 28 61 1 34 80 6 101 138 105 19
13 9
20 12 5 18
57 26 63 47 43 49 13 11 44 67 35 21 51 3
not complete
34 63 32 88 68 26 97 49 14 75 8 51 42 50 20 45 101 40 33 84 54
8 7
6 29 48 14 17 26 40 32
32 26 4 24 15 11 29 3 25
8 97 78 32 4 71 22 34 11 43 60 38 68 52 84 21 79 20 85 31 90
50 13 91 121 85 100 115 76 106 7 12 126 17 57 8 119 103 110 73 1 35 66 14 41 129 26
113 74 83 42 50 67 48 40 15 28 111 24 3 106 19 90 10 117 121 59 118 5 87 134 129 99 4 37 116
76 1 7 39 58 17 8 2 34 104 26 96 28 42 31 65 46 92 37 85 5 53 13 74 91
97 120 78 101 33 60 122 55 50 3 24 6 59 119 107 38 45 88 14 18 73 123 67 65 127 69 77 114 93 83
58 32 46 72 49 77 45 19 7 96 95 99 36 69 16 64 8 86 76 26
not complete
79 54 12 81 69 53 8 32 27 1 34 36 18 60 45 78
45 97 18 22 30 81 54 73 37 96 89 9 75 52 65 74 62 103 27
82 62 11 69 40 1 88 18 26 97 96 12 48 54 73 10 78 100 31
not complete
23 46 35 34 38 14 5 32 36 19
61 36 23 7 28 81 43 41 32 34 67 44 35 52 79 19 22 65 16 70 88
48 21 57 30 67 34 6 22 60 32 76 73 13 43 65
10 30 28 20 5 13
5 42 52 12 15 92 61 77 86 43 90 70 30 99 104 94 79 120 29 67 39 24 112
70 36 82 104 95 24 38 47 51 7 87 79 92 3 62 48 44 57 27 61 90 20 63 13
25 79 43 88 59 56 18 46 33 75 44 31 4 42 55 10 71 83 35 32 96 62
33
3 12
36 59 76 50 102 90 99 83 10 33 66 7 79 26 17 43 69
27 109 98 43 90 67 9 119 22 146 77 17 113 38 121 74 55 62 32 102 101 53 35 16 83 138 129 56 46
64 57 28 43 78 54 12 19 80 51 7 36 71
106 74 47 161 109 17 82 30 125 103 3 43 158 92 91 11 96 25 56 140 116 154 7 134 129 44 37 145 65
79 62 94 91 78 71 55 38 88 9 33 37 21 12 29 46
14 17 9 33 41 30 22 50
33 98 15 113 30 79 87 62 104 95 112 139 57 117 49 135 24 31 6 69 121 85 40 75 103 142 137 130 5 21
32 16 111 63 50 57 4 69 82 136 51 78 11 41 27 120 7 126 40 108 21 100 127 8 79 91
19 61 6 46 70 94 24 80 73 38 18 14 59 30 9 85 51 91
20 116 31 98 97 57 96 58 107 40 28 30 16 61 87 46 70 90 9 44 78 49
14 36 6 4 43 20 29 32 26
65 71 58 42 33 122 51 103 95 137 139 92 145 9 25 18 52 45 110 119 130 85 76
14 63 48 22 79 54 23 21 25 46 87 93 30 70 37 5 100
13 8 17
40 43 51 19 6 7 15 34 59 52 27 10 20 2 3
40 42 26 3 11 33 27 18
41 35 14 26 22 42 6
not complete
65 56 42 80 51 18 64 16 36 11 27 4 94 19 58 14 7 78 75 37 70 73 82 89
2 19 16 7
3 6 8 15
72 65 32 1 16 38 102 8 29 59 64 47 19 117 115 130 28 61 88 87 96 125 52 91 81 111
not complete
1738 1356 1400 1473 970 2022 184 1820 627 72 1948 336 1016 946 553 1874 472 705 481 1000 674 1542 2070 403 1068 379 360 1788 659 1085 1094 1072 1988 1776 668 406 1421 1696 235 814 103 1437 597 1336 743 1998 2038 1655 1535 1679 1844 1278 1171 1649 211 1717 2 688 1272 625 508 640 761 1684 1567 1576 284 1326 1372 912 988 1925 1287 256 1728 432 1054 980 1248 1551 460 914 1532 1926 219 1612 972 861 1753 108 1452 445 1624 976 802 1723 1417 1440 1235 160 142 1130 1593 47 154 666 2128 18 1901 729 876 1735 126 927 993 781 1293 1659 1510 923 76 1420 16 412 1345 1177 344 63 1255 1604 1062 904 698 632 1103 671 754 409 477 119 810 838 682 574 1832 1986 855 1601 586 1162 1864 1952 1935 1631 1042 1584 1671 1189 709 189 225 1481 1921 1448 1818 1559 1806 795 2099 202 1294 1907 1205 26 198 1045 1963 1313 1409 30 1866 1910 233 1786 1250 1392 1495 732 1855 1256 1231 1623 1441 1246 1768 823 2027 19 115 1489 739 1109 695 478 1187 604 257 474 1314 1813 1942 1006 1341 2013 1590 1150 951 2132 1640 2005 1792 770 1689 775 2048 1117 255 11 1804 2043 662 886 41 1518 96 1486 2073 579 1703 249 1595 895 812 52 533 893 133 1503 1039 1568 1973 675 261 1630 1144 2052 1796 426 87 611 870 269 1135 295 1883 1178 928 716 1971 1894 137 228 560 1579 749 1836 1785 1134 524 1157 655 2078 240 937 518 1882 825 1800 2112 736 569 843 416 59 1387 1712 1850 2035 962 440 147 1342 1865 790 835 544 1086 291 2108 1296 1628 1716 371 1828 1259 656 2077 1577 986 490 303 1888 1459 410 1760 1513 168 1023 1092 2061 1430 1749 318 1206 1198 476 1303 1666 1321 1955 1264 881 1368 1032 577 1410 352 852 789 452 1381 742 2091 1312 173 618 466 276 1744 1524 1365 1222 911 419 1339 1416 2006 1354 1124 226 1335 368 511 1466 507 955 830 974 2042 563 1018 590 496 1977 1750 1241 1991 323 1297 499 1414 1079 32 243 1237 537 1746 2086 603 86 182 1995 132 150 2120 312 636 395 896 345 1620 1213 85 1916 330 1058 1015 388 822 347 1858 1561 748 720 649 221 1827
691 979 374 476 1275 566 704 76 1122 1136 548 402 725 925 409 238 366 384 786 291 122 1012 382 1288 801 1079 310 1227 1139 974 1341 1202 675 1321 146 1348 771 1088 684 638 875 175 492 1377 488 20 257 420 107 537 573 500 816 229 553 1337 395 983 1159 858 1049 357 314 1115 38 507 649 230 1155 44 607 1048 62 116 730 51 599 1086 459 982 906 1157 443 23 340 1160 878 942 593 866 297 1025 598 77 670 697 845 1214 1375 277 509 414 528 221 36 1192 157 1010 714 652 144 351 197 809 117 312 1102 576 1095 91 1323 1197 955 754 934 199 86 854 135 517 129 767 707 1147 556 829 248 538 837 1209 559 996 608 1176 549 921 669 386 957 181 738 66 747 166 776 99 305 913 512 659 742 1222 326 87 367 1331 946 1272 1036 1360 206 1229 1297 435 852 587 1257 346 463 810 189 334 60 436 479 37 1156 30 1308 513 449 722 439 74 856 12 617 644 148 1109 1052 268 626 228 1304 882 1251 1211 264 1355 1039 732 11 790 580 1333 595 1001 1033 1070 1120 543 894 1368 424 416 1168 458 58 759 31 1098 515 1305 1061 321 630 1239 667 1265 694 1171 535 1184 886 1245 799 56 7 783 1016 676 1280 523 294 966 495 164 1249 1316 245 215 1376 822 1131 432 567 469 450 201 640 1092 1232 987 1210 897 1143 286
279
1393 914 553 111 1145 666 1285 734 498 1157 531 414 52 1613 1329 1956 228 366 1907 292 55 891 603 1230 1734 1659 74 894 464 2040 132 1769 591 1096 378 1244 217 1181 613 1109 1563 1500 1693 1846 220 709 752 294 2010 999 1016 251 1150 785 1167 2050 1340 850 857 2065 884 1961 196 285 321 1822 1378 452 970 675 1222 445 1082 546 116 1131 499 278 473 823 1318 1777 1202 1674 479 1508 257 1095 615 1960 622 538 947 729 1135 517 1356 419 1022 1560 1492 812 1459 1074 22 600 391 2062 766 243 1480 1648 1666 792 1442 888 686 1541 1373 771 716 1729 1078 1896 369 117 1040 979 1466 29 1119 865 1075 956 1057 1415 929 1625 693 1943 1161 2084 433 1455 1320 1213 159 25 1140 1008 743 346 994 1349 1937 1233 358 698 1369 1548 1198 1749 1551 1334 1097 1627 1308 1401 1529 15 925 328 487 1766 1686 38 9 916 2058 1615 657 985 1950 1965 2033 1707 559 1002 630 869 1203 1606 1316 1237 1407 1487 928 1264 1041 1526 1049 1983 1348 272 683 1343 1953 1227 1430 1678 1760 699 1451 610 1800 954 1775 124 73 168 418 386 364 1579 1706 2078 1255 354 151 250 574 288 1928 781 2021 61 624 494 1129 376 1793 1994 440 185 230 1740 1363 1528 11 809 380 847 1718 1479 659 1910 1634 428 189 75 180 1827 1266 1971 2055 1919 1828 1864 1847 1473 872 232 1258 1812 1657 35 1005 962 1300 971 1375 587 84 96 527 122 1839 1818 730 938 1762 1830 1120 760 1877 1423 690 1118 830 406 1028 1146 46 906 173 1679 907 210 276 2046 1065 264 581 652 712 1106 644 56 1211 138 183 1517 899 1384 1072 1887 240 330 1252 2074 78 1878 780 1421 1031 679 509 105 633 384 650 312 834 1121 1931 1598 733 1110 65 1272 1077 203 1126 1765 829 1586 1901 1221 2002 2025 1294 1981 815 1643 279 1086 1570 1783 338 1273 1722 705 1977 1699 1785 2042 881 1280 1440 399 1711 1321 303 1843 1199 1855 714 503 839 522 93 943 275 1617 1990 669 1173 1538 1959 1869 1756 1372 1177 1555 95 800 143 932 1594 561 1431 461 1735 1804 2015 1190 2017 680 747 720 429 570 774 1335 640 937
12 18 484 271 651 218 686 423 152 123 451 630 677 222 138 266 353 813 134 489 186 200 57 588 585 627 666 672 590 612 516 61 93 574 494 252 779 174 526 296 124 772 209 785 605 639 453 598 501 215 36 730 755 809 101 44 337 165 374 535 378 277 146 540 97 179 413 422 256 527 724 83 345 657 391 329 313 549 177 538 765 801 442 511 711 132 24 568 520 558 365 648 283 718 607 532 239 108 811 213 248 156 389 55 53 99 225 564 299 360 692 486 274 4 739 695 217 440 107 113 122 88 264 534 304 242 668 408 189 703 399 410 70 235 416 17 795 287 432 517 470 198 320 810 229 475 28 85 578 387 621 746 78 788 761 510 276 710 573 461 13
1127 863 937 97 683 1087 1003 1270 1068 1619 958 1400 1489 1341 1091 754 1543 1203 1060 1036 751 1265 1418 1257 206 1289 1377 802 1139 758 586 678 422 723 1351 1044 791 380 893 1617 1337 268 95 623 189 508 114 198 258 927 389 1359 1608 1520 585 1495 1425 1454 918 1118 743 333 967 956 1213 895 511 1147 1035 1233 885 171 1135 321 541 690 1434 796 448 522 1079 1539 264 1013 985 52 1369 474 341 287 692 1101 1596 1026 567 81 1451 1274 1330 1634 698 821 1449 130 630 397 1626 85 872 319 1094 854 442 353 1275 828 1483 1159 1528 1190 142 560 362 1181 232 793 1564 298 995 708 223 490 31 663 1583 1479 1536 386 1204 285 932 54 317 1281 214 898 1367 471 649 597 1309 505 876 1305 551 1621 322 1298 943 950 1584 436 273 58 1366 618 1447 641 929 1051 1325 981 973 846 809 8 405 1047 348 1592 878 1513 494 80 1110 158 1603 811 1316 1504 839 1010 1076 1439 700 181 1576 1349 68 906 1188 704 1471 305 657 1197 948 671 105 1557 594 925 938 1247 1155 1134 790 659 875 413 29 391 813 6 1248 65 429 611 331 12 576 191 1385 44 1166 245 783 1225 1519 535 119 519 1407 1551 637 892 254 37 180 1476 1368 1392 461 604 1569 296 600 864 902 1145 1411 1241 23 1097 1648 1217 547 466 1641 732 1462 496 859 137 865 1314 1122 1482 714 830 312 279 1173 526 1058 165 136 1138 993 21 1391 655 1019 774 1614 753 896 1604 371 91 740 121 766 482 74 456 151 909 236
431 71 692 603 475 543 744 673 191 271 407 235 109 32 276 395 550 18 709 699 341 658 349 641 485 370 80 45 745 128 434 197 219 205 64 40 158 118 412 19 11 664 441 258 5 523 616 368 698 577 629 405 387 245 379 595 608 697 463 679 185 669 404 20 572 300 122 437 716 605 61 289 147 270 167 492 725 632 525 688 654 39 705 302 372 51 139 534 335 294 353 435 194 110 448 515 511 470 57 484 133 227 519 37 568 625 576 712 252 305 403 457 1 589 340 315 324 151 514 575 479 361 607 559 88 93 731 429 265 421 281 182 345 174 211 501 737 200 316 507 189 585 101 162 332 314 648 25 754 352 268 236
654 83 834 266 146 253 417 468 568 552 532 244 605 209 705 796 545 825 495 59 588 133 813 587 184 284 33 88 792 459 677 293 446 316 77 549 760 89 751 623 380 629 371 48 741 353 394 327 150 660 202 163 686 599 669 143 414 103 807 66 39 362 97 785 421 276 72 24 55 112 205 643 628 297 477 580 120 779 791 486 840 690 430 820 107 527 648 352 419 725 212 574 275 452 344 592 8 470 713 710 15 722 450 219 23 437 262 302 768 324 435 399 101 165 420 314 647 236 472 336 426 190 697 618 560 773 330 523 110 82 192 538 750 227 307 106 393 764 157 10 387 502 815 520 191 19 512 595 536 114 173 355 92 193 636 694 405 801 424 136 129 765 454 460 510 178 836 732 610 567 455
728 271 413 217 866 1533 1484 950 1761 1458 385 732 1487 1442 1778 1448 162 522 1577 1663 231 361 1047 574 269 1008 1669 503 780 113 1666 1065 396 1762 499 464 77 1202 1393 1274 193 1168 1354 965 185 685 932 1187 1652 1232 947 349 659 674 100 1346 135 1514 855 1329 1233 612 47 607 111 808 475 171 394 12 127 1248 1159 1724 52 1795 37 206 548 1528 1767 1306 1088 1020 1807 1050 842 661 805 687 1424 8 1412 437 1370 1384 61 957 1380 491 1722 114 1150 589 1108 356 375 789 645 1074 1618 1690 11 240 1714 750 1420 714 1398 577 302 963 322 1734 1696 268 91 912 1283 1642 642 1550 42 537 1015 204 387 278 314 983 833 525 1135 408 1292 1732 801 1271 592 1635 554 1119 358 541 695 282 1186 1191 172 1223 544 1758 1316 1790 1095 486 294 281 756 467 1266 924 391 1172 1430 1377 1598 374 1105 604 1697 1639 865 1325 84 970 1152 1626 208 1300 1810 883 97 886 1563 876 630 1040 1670 448 874 1775 1275 509 390 1079 581 1466 850 58 424 940 1404 1254 647 1130 894 934 1703 1678 765 177 703 458 366 506 179 739 444 618 1749 566 1646 33 707 14 1434 1801 1520 1660 1179 1291 1681 1117 638 1406 1242 247 822 257 345 123 253 1169 1128 1475 1505 1586 991 104 329 1741 198 825 70 1590 1023 288 571 1498 1784 473 917 1535 798 1489 291 775 908 1607 813 1544 513 900 1032 1062 1706 1376 381 999 145 1615 1454 49 1143 483 428 669 337 601 1559 307 1457 671 1207 1303 20 264 745 1059 860 1363 225 1769 1315 1102 720 651 401 18 373 557 767 530 655 583 1260 1337 1267 449 59 1197 201 154 1216 421 144 523 978 621 1198 28 681 1570 86
1988 758 1042 1795 1336 299 1099 1322 828 1970 817 391 1767 1712 1132 1074 1870 49 1129 1641 783 1823 1481 1036 1789 428 1884 1509 953 599 917 1184 1482 1883 979 1867 1991 354 1260 1747 1504 1858 1463 1576 1703 403 1946 1401 729 1047 399 1809 1567 1166 292 370 288 479 770 371 1720 717 785 1535 228 1439 959 1912 1015 319 1693 626 968 5 1189 1972 353 871 842 1843 296 1659 722 303 695 1621 22 659 555 1584 1006 1914 1780 954 358 1126 1044 211 598 806 1543 1872 1295 2033 1342 1140 104 878 1133 857 2 1201 1196 1759 1388 1619 689 1194 1540 823 139 773 778 218 179 195 347 1837 437 762 1375 1491 444 231 1692 1180 1684 575 1091 1906 492 302 1351 1877 1551 47 1702 1149 1301 558 579 753 1328 1649 197 397 2045 617 1592 645 1367 336 220 1796 113 1765 886 1650 1776 1155 1996 900 502 2026 2008 1941 1213 1932 260 1222 144 1252 611 1815 283 1358 450 938 1667 74 1755 1313 641 834 341 1118 298 814 1080 158 539 361 1030 1240 1930 710 1718 1279 947 1737 816 1473 1557 1380 88 1973 290 1266 1294 713 1085 286 887 605 1125 908 2054 1556 1676 1828 1891 1020 1164 199 276 473 1963 236 1115 1152 1715 2037 379 141 925 1112 407 1727 1774 1175 1423 768 1949 1055 744 499 565 127 170 1066 1304 1062 1944 508 329 321 1907 1753 1978 96 1610 1027 520 1947 1561 269 548 188 671 733 1396 788 1631 574 1841 1800 680 1410 668 1398 657 2055 1419 1713 58 1278 1272 1324 38 891 163 1749 1523 862 487 28 1861 910 151 635 1575 619 1527 1788 1900 255 632 587 412 1455 1824 797 596 838 458 528 1927 246 1987 65 1231 1494 1344 1418 517 1095 918 933 1467 82 701 12 1429 570 1818 1957 1849 1019 131 1919 244 2005 705 1997 310 1288 1507 471 1385 2018 750 320 29 2014 1154 1640 1207 534 1518 998 989 1106 1513 1599 1432 995 464 737 1245 973 434 421 1952 1733 1607 120 18 726 184 1746 651 1420 793 1984 448 1913 384 1446 1142 1502 851 203 987 1311 332 241 1626
408 59 1206 358 510 438 1169 1177 657 565 24 178 1033 1205 648 999 582 92 264 803 295 808 757 512 577 237 667 422 910 723 871 322 429 116 968 254 1104 1186 711 1239 289 930 936 790 826 336 1121 856 495 492 528 444 1176 279 398 223 631 212 839 1017 1099 1013 885 228 135 1187 21 1284 788 833 359 738 911 312 259 372 415 378 556 1304 671 1062 688 41 1160 679 461 1230 934 100 1272 160 367 924 819 253 531 341 412 1161 721 585 124 548 332 306 989 640 430 89 558 1090 976 1223 755 511 659 216 1139 714 781 144 299 32 730 392 1266 917 245 670 1299 983 1035 484 963 1043 111 516 463 402 828 10 211 594 1261 996 1048 156 203 817 701 948 534 1045 1213 1207 632 1291 1155 521 169 1055 76 650 746 18 2 865 607 682 1041 1280 1273 1257 1024 486 1148 1195 1083 103 287 614 932 894 1084 452 1279 603 192 384 845 864 940 1147 184 957 669 773 338 85 1076 403 676 467 547 199 882 768 901 573 1107 728 56 209 1297 476 49 262 240 271 350 617 539 696 876 330 1244 443 129 504 319 853 1115 441 1219 816 67 763 794 1199 834 1069 1258 1113 710 488 320 206 149 1130 465 1249 928 622 836 1007 568 342
609 337 429 824 557 494 114 84 819 241 614 874 382 182 807 68 136 547 742 728 414 488 195 591 720 8 269 572 17 840 410 828 638 782 502 249 95 798 520 861 472 380 41 314 137 405 417 721 264 22 327 33 450 312 725 144 157 342 13 275 762 715 657 420 38 710 106 9 696 441 837 516 348 3 803 189 537 285 630 693 177 278 316 364 604 423 26 850 187 121 404 659 774 452 133 196 599 198 698 347 820 365 96 748 164 680 795 207 862 42 870 328 126 94 787 12 202 684 318 671 6 73 101 717 676 75 508 149 134 851 566 626 579 538 394 814 386 697 357 460 734 304 168 222 40 770 296 666 50 584 528 463 733 617 436 59 396 872 426 267 226 818 411 707 307 610 356 373 216 763 873 752 200 857 842 551 753 93 258 288 391 655 233 439 633 479 194 350 224 647
617 884 478 655 61 730 835 845 393 897 789 90 126 251 512 823 186 330 836 532 829 336 868 87 112 24 49 822 176 876 97 171 142 802 564 855 135 710 528 230 750 895 892 569 699 224 273 620 852 355 301 695 580 141 711 248 548 26 149 13 623 638 645 168 441 16 157 773 361 489 143 341 495 575 390 417 450 738 314 215 118 265 560 609 476 431 206 364 772 9 682 335 2 873 445 457 290 724 321 654 555 716 260 600 370 316 783 536 480 662 626 107 635 305 860 901 565 396 516 640 799 324 534 298 153 75 42 850 35 805 416 67 677 93 4 247 80 503 439 584 894 615 763 520 276 473 282 382 238 671 194 592 351 539 614 378 511 758 52 271 466 313 426 691 262 368 741 795 815 657 198 810 405 319 161 101 377 346 701 210 184 782 861 412 841
64 116 282 577 127 600 693 124 746 417 796 486 194 430 867 812 26 236 777 81 328 852 651 253 265 886 516 519 425 201 661 73 138 581 592 929 786 50 542 844 750 191 31 645 626 215 891 914 154 908 706 759 205 879 49 821 774 52 813 619 713 37 488 143 675 165 217 10 62 381 350 507 271 630 325 192 611 24 829 745 359 323 551 178 101 184 238 315 212 473 607 826 377 631 156 780 15 438 252 760 804 533 883 403 146 174 803 608 196 841 872 274 832 559 917 689 397 740 790 497 726 638 938 299 478 409 149 655 132 341 235 306 434 95 384 561 904 662 721 765 669 524 504 210 290 893 268 859 449 515 668 229 490 458 110 545 849 44 918 336 789 139 922 412 152 900 465 20 208 5 848 673 260 569 297 391 546 226 648 245 446 702 890 590 54 481 667 717 593 733 931 369 680 86 55 714 364 322 416
