Case 1: 1
Case 2: 1
Case 3: 2
Case 4: 1
Case 5: 2
Case 6: -1
Case 7: 1
Case 8: 1
Case 9: 1
Case 10: 1
Case 11: 1
Case 12: 1
Case 13: 1
Case 14: 1
Case 15: 1
Case 16: 1
Case 17: 1
Case 18: 1
Case 19: 1
Case 20: 1
Case 21: -1
Case 22: 1
Case 23: 2
Case 24: 1
Case 25: 1
Case 26: 1
Case 27: 2
Case 28: 1
Case 29: -1
Case 30: 1
[(-2077.505878822415, 431.50587882241507), (-156.2219510034763, 2074.2219510034765), (-1939.6659671211785, 601.6659671211785), (-1759.4068377162732, 937.4068377162732), (-1698.8205006711883, 952.8205006711883), (-921.2509693772361, 1593.250969377236), (-2076.629462990901, 524.6294629909012), (-699.5453009539616, 1237.5453009539615), (-610.9699774272221, 2086.969977427222), (-312.6556324056678, 1902.6556324056678), (-1994.9342088990718, 664.9342088990718), (-290.6374486548914, 2268.637448654891), (-816.5623627379127, 1488.5623627379127), (-1958.913623432274, 726.9136234322741), (-673.142848362455, 1651.142848362455), (-1360.313124793065, 1284.313124793065), (-1675.9518998007645, 901.9518998007645), (-621.610971928897, 2061.610971928897), (-1846.966815398502, 834.9668153985019), (-228.67322327432817, 2194.673223274328), (-619.3494976638992, 2013.3494976638992), (-57.249716267298595, 1925.2497162672985), (-981.6947627320842, 1517.6947627320842), (-990.3257039984371, 990.3257039984371), (-1246.9187660983134, 1448.9187660983134), (-531.0748662133371, 2127.0748662133374), (-387.321882095556, 1747.321882095556), (-262.8263712321775, 2230.8263712321777), (-350.74754901736424, 2326.7475490173642), (-1116.7525737315436, 1578.7525737315436), (-1087.9187660983134, 1607.9187660983134), (-1177.521360164078, 917.521360164078), (-330.22224776735516, 2086.222247767355), (-1692.801916571238, 790.801916571238), (-1244.2689435271898, 1418.2689435271898), (-1875.48603292273, 791.4860329227299), (-1359.3736096865473, 1079.3736096865473), (-748.3963374311713, 1916.3963374311713), (-359.507934966362, 2255.507934966362), (-1922.9496259188254, 756.9496259188254), (-581.7011050448089, 1689.7011050448089), (-113.14107726272914, 1985.1410772627291), (-804.4905944781867, 1348.4905944781867), (-2159.865751742181, 409.86575174218115), (-930.0609198695281, 1762.060919869528), (-1082.7904740337553, 1608.7904740337553), (-2064.9135087302375, 628.9135087302377), (-790.0918259250373, 1878.0918259250373), (-1176.874286344669, 946.8742863446689), (-742.741651227316, 1420.741651227316), (-567.979359550957, 1805.979359550957), (-596.9944279230876, 2094.9944279230876), (-2081.865751742181, 487.86575174218115), (-1429.180219969288, 1151.180219969288), (-2057.2492351193823, 639.2492351193825), (-634.643763193231, 2062.6437631932313), (-1368.5077166011358, 1320.5077166011358), (-1334.6108655391954, 638.6108655391953), (-994.3522139892546, 1118.3522139892546), (-847.2384758390938, 1631.2384758390938), (-1585.5641945215295, 809.5641945215295), (-1930.4741376659292, 592.4741376659292), (-920.1168385238086, 1716.1168385238086), (-1865.5109380687263, 671.5109380687263), (-516.4073220621079, 1428.407322062108), (-2153.328701196568, 317.3287011965681), (-1577.8205959281613, 1119.8205959281613), (-1682.6008373203122, 992.6008373203122), (-1432.444206047915, 1260.444206047915), (-341.10480428852793, 2321.1048042885277), (-421.39633743117133, 2243.3963374311716), (-950.8979396739107, 1674.8979396739107), (-1803.6022967073895, 129.60229670738943), (-1781.280313791769, 773.280313791769), (-1219.5963072765696, 1477.5963072765696), (-1046.7460609675495, 1634.7460609675495), (-1597.9485701690346, 501.9485701690346), (-1337.3821894246819, 1355.3821894246819), (-1991.969754626806, 619.969754626806), (-1428.3728210990835, 1160.3728210990835), (-2050.1945558627513, 602.1945558627513), (-811.1266656596622, 1881.1266656596622), (-665.2536556827898, 1369.25365568279), (-983.7997207191142, 1307.7997207191142), (-1210.2491610734478, 652.2491610734477), (-2064.4604659887004, 142.46046598870043), (-921.1456853244022, 1193.1456853244022), (-387.2454931738048, 2289.245493173805), (-698.6657247140006, 1188.6657247140006), (-1693.1945558627513, 959.1945558627513), (-1208.6324726050093, 1348.6324726050093), (-353.9496259188254, 2325.9496259188254), (-470.52634983452003, 2214.5263498345203), (-700.2660279927779, 1916.266027992778), (-1795.2971794444186, 789.2971794444186), (-263.40732206210794, 1681.407322062108), (-170.95980053478002, 2042.95980053478), (-1429.643092585948, 455.6430925859479), (-1675.981425191424, 961.981425191424), (-1167.7011050448089, 1103.7011050448089), (-1743.4009593965563, 591.4009593965563), (-1826.1457636324049, 870.1457636324049), (-1029.7296119260136, 1425.7296119260136), (-2120.802154396828, 552.8021543968277), (-1421.0918259250373, 1247.0918259250373), (-1137.2655952108041, 1231.2655952108041), (-1205.3845033990854, 1489.3845033990854), (-776.4073433917288, 1816.4073433917288), (-2088.8979396739105, 536.8979396739107), (-1985.5298350579385, 687.5298350579385), (-1785.643763193231, 911.643763193231), (-49.14107726272914, 2049.141077262729), (-1861.623969813299, 701.623969813299), (-1025.9583004869307, 1563.9583004869307), (-805.7558877757505, 1221.7558877757506), (-804.6965587938987, 1778.6965587938987), (-501.2689435271898, 2161.2689435271895), (-1597.3845033990854, 1097.3845033990854), (-1228.7316973403624, 1096.7316973403624), (-877.444206047915, 1815.444206047915), (-495.6878593026215, 2015.6878593026215), (-919.1999831961014, 1461.1999831961014), (-731.7183294713454, 1685.7183294713454), (-1375.6324726050093, 1181.6324726050093), (-1673.1664903715607, 375.1664903715607), (-1507.9788662600217, 573.9788662600217), (-669.8581597313007, 1557.8581597313007), (-346.76063635310175, 1762.7606363531017), (-1537.6323019600873, 1113.6323019600873), (-1618.2725284692608, 1042.2725284692608), (-1038.9851300293249, 1650.9851300293249), (-1401.65959492635, 1253.65959492635), (-1645.9511801640251, 893.9511801640251), (-778.3845033990854, 1916.3845033990854), (-1509.228969331969, 657.228969331969), (-899.9851300293249, 1789.9851300293249), (-869.2535606441509, 1781.2535606441509), (-358.4202641432414, 2002.4202641432414), (-933.1457636324049, 1763.1457636324049), (-403.94662607532405, 2293.9466260753243), (-1393.643763193231, 1303.643763193231), (-1382.6085106059224, 854.6085106059224), (-1277.2454931738048, 1399.2454931738048), (-761.551540402153, 1833.551540402153), (-1916.4639336233308, 724.4639336233308), (-895.8318246131232, 1773.8318246131232), (-1117.5174649480941, 1387.5174649480941), (-222.2820172932677, 2118.282017293268), (-1956.6614186453412, 668.6614186453412), (-883.4918576331731, 1603.4918576331731), (-915.5163377447916, 1517.5163377447916), (-2095.679583899442, 553.6795838994424), (-307.3332892532833, 2213.3332892532835), (-794.1802199692879, 1786.180219969288), (-1943.6681007430982, 535.6681007430982), (-262.3736096865473, 2176.3736096865473), (-619.1237645787471, 1417.1237645787471), (-903.3879247571914, 1097.3879247571913), (-1317.4438223665475, 1143.4438223665475), (-1064.1630314405568, 1144.1630314405568), (-245.60851060592245, 1991.6085106059224), (-411.9018774067906, 1819.9018774067906), (-1495.4696258233307, 1179.4696258233307), (-2073.731697340362, 251.73169734036242), (-1235.1852006617567, 1335.1852006617567), (-1623.5281073135359, 1071.5281073135359), (-1935.228969331969, 231.22896933196898), (-1689.879898148737, 807.8798981487371), (-2260.440528546842, 400.44052854684196), (-1930.899913856753, 506.8999138567531), (-1655.8648183937948, 481.86481839379485), (-670.623969813299, 1892.623969813299), (-1132.5749846656486, 864.5749846656485), (-446.87990569954013, 2250.8799056995404), (-1311.250969377236, 1203.250969377236), (-879.8944272445449, 1705.8944272445449), (-1629.3414979661704, 643.3414979661704), (-793.8657080191576, 1171.8657080191576), (-910.4017937204701, 1230.40179372047), (-1728.2850477905556, 966.2850477905556), (-1932.9966641915762, 764.9966641915762), (-1625.1999831961014, 755.1999831961014), (-222.92727032290645, 1976.9272703229065), (-572.9939024239104, 1886.9939024239104), (-2016.5732034338234, 616.5732034338234), (-1871.710534536656, 739.710534536656), (-400.7890634351004, 2144.7890634351006), (-2232.1108122997857, 412.11081229978595), (-1566.8770902730498, 458.8770902730498), (-1814.5798006807327, 876.5798006807327), (-747.162855402715, 1359.162855402715), (-678.54042777522, 1912.54042777522), (-1955.9232849839298, 233.92328498392976), (-956.7544908302796, 1144.7544908302796), (-1383.5673674747509, 631.567367474751), (-1258.0937144654033, 748.0937144654033), (-988.5804941874992, 1244.5804941874992), (-2117.903319732978, 529.9033197329782), (-2088.4851800776323, 492.48518007763255), (-1534.7099828765793, 1040.7099828765793), (-235.2269877699057, 2179.2269877699055), (-1693.3326666665, 973.3326666665), (-247.48236602753525, 1751.4823660275351), (-1607.8517338833055, 1089.8517338833055), (-358.3238132484123, 2174.323813248412), (-1877.4814929558718, 513.4814929558718), (-2147.233744059949, 317.233744059949), (-1679.940092565035, 873.940092565035), (-767.95980053478, 1445.95980053478), (-2312.878332788238, 382.8783327882379), (-1505.2389506425784, 989.2389506425784), (-1851.0748707252008, 513.0748707252008), (-1619.7152682566546, 1059.7152682566546), (-1220.4913052487768, 1108.4913052487768), (-2294.9996293550266, 402.99962935502685), (-1556.879898148737, 940.8798981487371), (-710.1867994921311, 1838.186799492131), (-1399.880388225974, 1241.880388225974), (-617.9006734891814, 2039.9006734891814), (-1546.3074727133503, 636.3074727133503), (-866.42521313374, 1570.42521313374), (-1120.4407370411675, 1330.4407370411675), (-70.75449083027956, 2030.7544908302796), (-1268.0773053937985, 1332.0773053937985), (-1239.524968398069, 1153.524968398069), (-2301.4240930430988, 323.42409304309854), (-665.2376759785498, 1287.2376759785498), (-372.76940484552244, 1530.7694048455223), (-1618.3598861687708, 574.3598861687708), (-331.6248257110851, 1909.6248257110851), (-919.4073220621079, 1025.407322062108), (-1039.9775279007508, 1629.9775279007508), (-620.315602711464, 1886.315602711464), (-440.1935940725225, 1564.1935940725225), (-1992.610971928897, 690.610971928897), (-727.2163426893026, 1681.2163426893026), (-2237.7214901088014, 447.7214901088014), (-2028.7011050448089, 242.70110504480886), (-99.8885510343921, 1909.888551034392), (-1282.8365356854774, 1414.8365356854774), (-1278.7602834106706, 1340.7602834106706), (-751.9595188439839, 1495.959518843984), (-435.8885510343921, 1573.888551034392), (-1324.65959492635, 1330.65959492635), (-1654.9449364866828, 596.9449364866828), (-2237.899692225817, 393.89969222581703), (-654.2626270465798, 1558.2626270465798), (-1617.8661905467125, 1079.8661905467125), (-1835.298007231232, 819.2980072312321), (-1502.8006534004949, 1190.8006534004949), (-1058.189641393158, 1552.189641393158), (-719.0064885335491, 1901.0064885335491), (-71.14568532440217, 2043.1456853244022), (-1301.6340495702257, 837.6340495702257), (-1288.558842861397, 814.5588428613969), (-840.2003966285915, 1580.2003966285915), (-731.7961117804077, 1901.7961117804077), (-1945.8333228101192, 693.8333228101192), (-2076.0612965716064, 420.0612965716066), (-617.7695986461601, 1955.7695986461601), (-728.3520066000838, 1104.3520066000838), (-796.8979396739107, 1828.8979396739107), (-2236.9187660983134, 458.9187660983134), (-2189.7497908533023, 499.7497908533021), (-1018.2536096718188, 1596.2536096718188), (-663.8318246131232, 2005.8318246131232), (-942.8263712321775, 1550.8263712321775), (-1864.8770902730498, 160.87709027304982), (-1546.162855402715, 560.162855402715), (-501.66577569845504, 1493.665775698455), (-1414.0494735343123, 870.0494735343123), (-520.2342038413365, 2174.2342038413362), (-533.5660028383311, 2159.566002838331), (-718.4998842056445, 1440.4998842056445), (-1413.0253350812718, 1271.0253350812718), (-1942.4202641432414, 418.4202641432414), (-1716.5544984840171, 572.5544984840171), (-1842.8609793248324, 832.8609793248324), (-182.85481593577606, 2158.854815935776), (-2288.1945558627513, 364.19455586275126), (-76.5913033831431, 1804.591303383143), (-904.4857442773725, 1708.4857442773725), (-1412.3351476154699, 1282.3351476154699), (-597.0229265728644, 1453.0229265728644), (-1382.110812299786, 1262.110812299786), (-1861.8916397989847, 435.89163979898467), (-1410.8365356854774, 1286.8365356854774), (-930.333118487463, 1138.333118487463), (-917.2189931718597, 1713.2189931718597), (-238.00376253588774, 2154.0037625358877), (-490.9818382765575, 2206.9818382765575), (-237.18330569736645, 2185.1833056973664), (-2184.9899102758586, 490.9899102758586), (-452.34259026484756, 2236.342590264848), (-2014.1437413910053, 386.1437413910053), (-1344.7312884133346, 1330.7312884133346), (-1705.513795672862, 233.513795672862), (-1508.5132683558422, 1110.5132683558422), (-1098.2279985159005, 1586.2279985159005), (-229.89068834546197, 2047.890688345462), (-2012.1945558627513, 640.1945558627513), (-1218.327186212311, 860.3271862123111), (-951.5853442884559, 1365.5853442884559), (-1385.5749846656486, 611.5749846656485), (-43.9204136476468, 1777.920413647647), (-929.657047217022, 1195.657047217022), (-1687.4128529504178, 805.4128529504178), (-546.0612965716066, 1950.0612965716066), (-749.3543773909978, 1621.3543773909978), (-1437.0967704175348, 1043.0967704175348), (-978.3580551891268, 1700.3580551891268), (-844.2655952108041, 1524.2655952108041), (-1945.073290340954, 661.0732903409539), (-1879.1783121463407, 723.1783121463407), (-943.0684913656517, 1685.0684913656517), (-1831.7475490173642, 845.7475490173642), (-1917.0401039196493, 377.04010391964925), (-1117.7257053282292, 1539.7257053282292), (-628.9561603783916, 1902.9561603783916), (-525.889468737992, 1943.889468737992), (-603.08391334831, 1971.08391334831), (-217.1718601129544, 1767.1718601129544), (-3.6326349355227876, 1811.6326349355227), (-182.9535580916447, 2120.9535580916445), (-1941.692363897617, 479.69236389761704), (-868.8105333765395, 1500.8105333765395), (-1835.5318527222307, -22.46814727776939), (-590.5218351378326, 2008.5218351378326), (-1830.3580551891268, 848.3580551891268), (-1351.6512323114505, 577.6512323114505), (-666.2922873110097, 2016.2922873110097), (-325.26262704657984, 1887.2626270465798), (-602.9629349985862, 2094.962934998586), (-1267.0755340320216, 1063.0755340320216), (-1008.8215272735172, 1562.8215272735172), (-1768.4646825186041, 928.4646825186041), (-1692.6294629909012, 908.6294629909012), (-1073.1199937397837, 1227.1199937397837), (-1071.7639033955802, 829.7639033955801), (-2009.959182965123, 341.9591829651231), (-497.0822175460246, 1899.0822175460246), (-2348.892879364407, 348.8928793644068), (-476.97070278971614, 2082.970702789716), (-367.77421075101984, 2293.77421075102), (-809.0947624980447, 1713.0947624980447), (-833.172430375218, 1533.172430375218), (-1973.2666400386104, 697.2666400386104), (-1605.6663757273166, 1067.6663757273166), (-1210.5677570410949, 1368.5677570410949), (-1293.1262058602333, 767.1262058602333), (-1982.799428026562, 534.799428026562), (-1181.933306538049, 1471.933306538049), (-1270.521360164078, 824.521360164078), (-681.3845033990854, 2013.3845033990854), (-491.444800284607, 1451.444800284607), (-1612.311663641126, 746.311663641126), (-319.16818139676, 2083.16818139676), (-1563.228969331969, 603.228969331969), (-1584.939893458754, 1076.939893458754), (-446.08391334831003, 2128.08391334831), (-1292.7316973403624, 1032.7316973403624), (-1256.9272703229065, 942.9272703229065), (-656.5132683558422, 1962.5132683558422), (-1905.83282539278, 773.83282539278), (-916.8170197710822, 1536.8170197710822), (-689.5330601092567, 1571.5330601092567), (-1520.2602530133317, 1058.2602530133317), (-430.172430375218, 1936.172430375218), (-417.0937144654033, 1589.0937144654033), (-1842.5182726280568, 606.5182726280568), (-1349.8953102485928, 741.8953102485928), (-1049.0168066147967, 1569.0168066147967), (-577.2689435271898, 2085.2689435271895), (-1704.959518843984, 542.9595188439839), (-1264.9772090607316, 884.9772090607316), (-2124.665017725102, 570.6650177251022), (-1236.6055512120631, 1328.6055512120631), (-1796.6878593026215, 714.6878593026215), (-316.85136601281556, 1862.8513660128156), (-1097.8574534819934, 1595.8574534819934), (-711.9683342444409, 1845.968334244441), (-582.3879247571914, 1418.3879247571913), (-2009.444206047915, 683.444206047915), (-244.73466750984687, 1650.734667509847), (-2066.076060482775, 616.0760604827751), (-771.311663641126, 1587.311663641126), (-2046.6299429407386, 352.6299429407386), (-184.52490100041246, 2094.5249010004127), (-1150.2492351193825, 1546.2492351193825), (-2233.3804130037506, 419.3804130037506), (-1939.915341206685, 705.9153412066851), (-984.2281577121203, 1628.2281577121203), (-338.29166579973094, 1664.291665799731), (-676.4387889815471, 1696.438788981547), (-860.7072844198128, 1762.7072844198128), (-390.99624412483263, 1738.9962441248326), (-1412.255243783221, 864.255243783221), (-1289.915341206685, 1355.915341206685), (-945.3580551891268, 1733.3580551891268), (-1627.4851800776325, 953.4851800776325), (-1128.3145033707826, 1568.3145033707826), (-1722.3257039984371, 258.3257039984371), (-1722.0898835142766, 236.08988351427672), (-1412.6487838484372, 1072.6487838484372), (-1840.7152682566546, 838.7152682566546), (-122.66902237659588, 1952.6690223765959), (-1403.9974035583302, 1291.9974035583302), (-1620.890688345462, 656.890688345462), (-2219.3845033990856, 475.38450339908536), (-934.5544984840171, 1354.5544984840171), (-603.4092658587526, 2077.4092658587524), (-1193.1834510812116, 1069.1834510812116), (-217.86570801915764, 1747.8657080191576), (-236.1935940725225, 1768.1935940725225), (-1340.186448083385, 832.1864480833849), (-1038.0684913656517, 1590.0684913656517), (-425.3030891160108, 2135.3030891160106), (-1410.0494735343123, 874.0494735343123), (-1254.7105604722394, 914.7105604722394), (-851.8355057556407, 1743.8355057556407), (-2069.9772090607316, 79.97720906073164), (-2323.2049207208293, 351.2049207208295), (-1050.7460609675495, 1630.7460609675495), (-1053.5218351378326, 1545.5218351378326), (-1024.2328391591514, 1514.2328391591514), (-1392.255243783221, 884.255243783221), (-615.6487838484372, 1869.6487838484372), (-1147.3311456360802, 1341.3311456360802), (-960.6394554879391, 1554.6394554879391), (-1862.7742107510198, 798.7742107510198), (-1662.1630314405568, 546.1630314405568), (-1837.5962246579556, 747.5962246579556), (-53.36162985924193, 2051.361629859242), (-1068.333118487463, 1000.333118487463), (-270.05126922480326, 1934.0512692248033), (-439.7999846130174, 2159.7999846130174), (-455.98258103585886, 2069.982581035859), (-1884.6614186453412, 740.6614186453412), (-2154.0985612861305, 494.09856128613023), (-612.4286277780265, 1198.4286277780266), (-929.5912892821191, 1499.591289282119), (-400.4980388480217, 2276.4980388480217), (-1781.0947624980447, 741.0947624980447), (-862.1999831961014, 1518.1999831961014), (-2214.1156387079673, 458.1156387079675), (-616.9077123611921, 2026.9077123611921), (-524.2570274047466, 2028.2570274047466), (-1041.6422773880167, 1149.6422773880167), (-1851.2689435271898, 811.2689435271898), (-1988.8356934892854, 682.8356934892854), (-1267.142848362455, 1057.142848362455), (-1404.958137029535, 1150.958137029535), (-1342.7904740337553, 1348.7904740337553), (-1026.6201245158072, 1668.6201245158072), (-896.7206557374778, 996.7206557374778), (-981.1410772627291, 1117.1410772627291), (-1251.258367422717, 1191.258367422717), (-824.7558877757505, 1202.7558877757506), (-446.0925605858008, 2136.092560585801), (-1284.939893458754, 1376.939893458754), (-1368.2258248804844, 1116.2258248804844), (-1296.3074727133503, 886.3074727133503), (-426.75449083027956, 1674.7544908302796), (-368.6108655391953, 1604.6108655391954), (-155.6553151947653, 1909.6553151947653), (-263.42862777802645, 1547.4286277780266), (-400.5568022137393, 1936.5568022137393), (-760.5359879865125, 1844.5359879865125), (-935.8050506503266, 1669.8050506503266), (-1335.0, 1363.0), (-307.0740718162001, 2123.0740718162), (-2164.8213230825017, 168.82132308250175), (-2006.4579637787406, 140.45796377874058), (-1256.5424041528545, 718.5424041528546), (-588.6732232743282, 1834.6732232743282), (-1762.9199965402413, 86.9199965402413), (-2069.3254589247017, 315.3254589247015), (-1356.997291018832, 1226.997291018832), (-2112.0822175460244, 284.0822175460246), (-2080.852606289657, 442.85260628965693), (-1035.1834510812116, 1227.1834510812116), (-2061.1048042885277, 601.1048042885279), (-412.59279480598866, 2246.592794805989), (-776.4860276234515, 1388.4860276234515), (-657.127089076949, 1609.127089076949), (-1383.854815935776, 957.8548159357761), (-1726.9449364866828, 524.9449364866828), (-404.9328337167399, 1738.9328337167399), (-342.4791900440473, 2312.4791900440473), (-1914.315602711464, 592.315602711464), (-1757.1168385238086, 879.1168385238086), (-772.7611950464616, 1856.7611950464616), (-1844.8478169329305, 684.8478169329305), (-1043.4791900440473, 1611.4791900440473), (-1451.8213230825017, 881.8213230825017), (-2169.0892827487314, 519.0892827487316), (-72.67621408276057, 1940.6762140827605), (-561.1834510812116, 1701.1834510812116), (-1011.254520916327, 1629.254520916327), (-1026.1917877871017, 1560.1917877871017), (-2061.907431758781, 627.9074317587808), (-1650.4514973674586, 952.4514973674586), (-1050.0356078383093, 1646.0356078383093), (-1904.4209265691586, 754.4209265691586), (-1358.394982180123, 1224.394982180123), (-687.1935940725225, 1317.1935940725225), (-560.1852006617567, 2010.1852006617567), (-299.413683968829, 2217.413683968829), (-919.5963072765696, 1777.5963072765696), (-2056.5528399517607, 266.55283995176046), (-1040.4073433917288, 1552.4073433917288), (-1734.4442965486946, 352.44429654869464), (-340.92328498392976, 1848.9232849839298), (-1353.9271330102522, 635.9271330102522), (-379.42139795728554, 2155.4213979572855), (-1521.931019190042, 1043.931019190042), (-966.1777154660319, 1324.177715466032), (-1812.8657517421811, 756.8657517421811), (-1559.7919592194116, 285.7919592194115), (-629.2888743676842, 2057.288874367684), (-1240.913623432274, 1444.913623432274), (-1460.4804634076474, 804.4804634076474), (-1447.7694048455223, 455.76940484552244), (-404.20039662859153, 2016.2003966285915), (-950.9535580916447, 1352.9535580916447), (-1747.7764081484765, 559.7764081484765), (-1241.0494735343123, 1043.0494735343123), (-1532.8944272445449, 1052.8944272445449), (-1174.3501251860803, 1042.3501251860803), (-619.2301691846856, 1905.2301691846856), (-717.9511895307692, 1801.9511895307692), (-1104.5876105588266, 1426.5876105588266), (-1967.6068271635475, 557.6068271635475), (-1290.2497828604335, 1300.2497828604335), (-473.1266656596622, 2219.126665659662), (-707.5168710313205, 1411.5168710313205), (-2035.0911276223583, 423.0911276223583), (-1341.6945758668035, 1329.6945758668035), (-1435.2497162672985, 547.2497162672986), (-959.1270431669277, 1725.1270431669277), (-1123.0270267367073, 1393.0270267367073), (-1084.969754626806, 1526.969754626806), (-965.83282539278, 1713.83282539278), (-2016.897128759489, 354.8971287594891), (-1803.710534536656, 807.710534536656), (-1578.8022845050782, 504.8022845050782), (-338.85136601281556, 1840.8513660128156), (-1171.444206047915, 1521.444206047915), (-1838.6499907227972, 586.6499907227972), (-2003.9581582632925, 385.9581582632925), (-1811.9511801640251, 727.9511801640251), (-472.1864480833849, 1700.186448083385), (-2090.1744678426235, 598.1744678426235), (-971.7497880158112, 1681.7497880158112), (-765.6732232743282, 1657.6732232743282), (-1325.9300677926076, 961.9300677926076), (-1774.376356363444, 702.3763563634441), (-1289.7890634351004, 1255.7890634351004), (-1119.9018774067906, 1111.9018774067906), (-599.6681007430982, 1879.6681007430982), (-1043.5298350579385, 1629.5298350579385), (-850.5624287691287, 1836.5624287691287), (-1121.7904740337553, 1569.7904740337553), (-250.6681007430982, 2228.668100743098), (-119.79195921941152, 1725.7919592194116), (-1617.5654902793153, 1035.5654902793153), (-755.9832188094551, 1865.9832188094551), (-745.7583202457705, 1169.7583202457704), (-1262.5804941874992, 970.5804941874992), (-1445.6374486548914, 1113.6374486548914), (-593.0822175460246, 1803.0822175460246), (-797.3326433805828, 1779.3326433805828), (-2132.7567345427615, 530.7567345427617), (-1924.5749846656486, 72.57498466564846), (-1124.361629859242, 980.3616298592419), (-613.3816526608521, 1695.381652660852), (-1867.5481705014547, 265.5481705014547), (-1545.1044260661379, 983.1044260661379), (-572.4905944781867, 1580.4905944781867), (-615.1695513296361, 1455.169551329636), (-1573.3407326974934, 889.3407326974934), (-339.7251342917393, 2075.7251342917393), (-2091.1666555124257, 399.1666555124257), (-1101.3351476154699, 1593.3351476154699), (-637.5407125807474, 1591.5407125807474), (-776.4485317119879, 1268.448531711988), (-1476.6663783160016, 1220.6663783160016), (-412.89531024859275, 1678.8953102485928), (-630.582113507237, 1424.582113507237), (-460.39926941981, 2222.39926941981), (-380.283035841391, 1570.283035841391), (-1184.3033260333532, 1374.3033260333532), (-856.6226761230198, 1570.6226761230198), (-1236.6614412829088, 1208.6614412829088), (-639.955151218898, 2057.955151218898), (-342.5163377447916, 2090.5163377447916)]
Case 31: 1
Case 32: 1
Case 33: 1
Case 34: -1
Case 35: 1
Case 36: 1
Case 37: 1
Case 38: 1
Case 39: 1
Case 40: 1
Case 41: 1
Case 42: 1
Case 43: -1
Case 44: 1
Case 45: 1
Case 46: 1
Case 47: 1
Case 48: 1
Case 49: 1
Case 50: -1
Case 51: 1
Case 52: 2
Case 53: 1
Case 54: -1
Case 55: 1
Case 56: 1
Case 57: 1
Case 58: -1
Case 59: 1
Case 60: -1
Case 61: 1
Case 62: 1
Case 63: 1
Case 64: -1
Case 65: 1
Case 66: 1
Case 67: 1
Case 68: -1
Case 69: 1
Case 70: 1
Case 71: 1
Case 72: 1
Case 73: 1
Case 74: 1
Case 75: 1
Case 76: 1
Case 77: -1
Case 78: 1
Case 79: 1
Case 80: -1
Case 81: 1
Case 82: 1
Case 83: 1
Case 84: 2
Case 85: 1
Case 86: 1
Case 87: -1
Case 88: 2
Case 89: 1
Case 90: 1
Case 91: -1
Case 92: 1
Case 93: -1
Case 94: 1
Case 95: 1
Case 96: 1
Case 97: 1
Case 98: 1
Case 99: -1
Case 100: -1
Case 101: 1
Case 102: 1
Case 103: -1
Case 104: 1
Case 105: -1
Case 106: 2
Case 107: 1
Case 108: 1
Case 109: 1
Case 110: -1
Case 111: -1
Case 112: 2
Case 113: 1
Case 114: 1
Case 115: 1
Case 116: -1
Case 117: -1
Case 118: 1
Case 119: 1
Case 120: 1
Case 121: 1
Case 122: -1
Case 123: 1
Case 124: 1
Case 125: 1
Case 126: 1
Case 127: -1
Case 128: 1
Case 129: 1
Case 130: 1
Case 131: 1
Case 132: 1
Case 133: 1
Case 134: 1
Case 135: 1
Case 136: 1
Case 137: 1
Case 138: 1
Case 139: 1
Case 140: -1
Case 141: -1
Case 142: 1
Case 143: 1
Case 144: 1
Case 145: 1
Case 146: 1
Case 147: 1
Case 148: -1
Case 149: 1
Case 150: 1
Case 151: 1
Case 152: 1
Case 153: 1
Case 154: 1
Case 155: 1
Case 156: 1
Case 157: 1
Case 158: 1
Case 159: -1
Case 160: 1
Case 161: 1
Case 162: -1
Case 163: 2
Case 164: 1
Case 165: 1
Case 166: -1
Case 167: 1
Case 168: 1
Case 169: -1
Case 170: 1
Case 171: 1
Case 172: 1
Case 173: -1
Case 174: 2
Case 175: 1
Case 176: 1
Case 177: -1
Case 178: 1
Case 179: -1
Case 180: 1
Case 181: 1
Case 182: 1
Case 183: 1
Case 184: 1
Case 185: 1
Case 186: 1
Case 187: 1
Case 188: 1
Case 189: 2
Case 190: 1
Case 191: 2
Case 192: -1
Case 193: 1
Case 194: -1
Case 195: 1
Case 196: 2
Case 197: -1
Case 198: 1
Case 199: 1
Case 200: 1
